CRITICAL - 2020-05-23 22:46:55 --> Class 'App\Database\Seeds\UserSeeder' not found
#0 C:\SERVER\htdocs\RESTful-API-JWT\system\Commands\Database\Seed.php(124): CodeIgniter\Database\Seeder->call('App\\Database\\Se...')
#1 C:\SERVER\htdocs\RESTful-API-JWT\system\CLI\CommandRunner.php(137): CodeIgniter\Commands\Database\Seed->run(Array)
#2 C:\SERVER\htdocs\RESTful-API-JWT\system\CLI\CommandRunner.php(110): CodeIgniter\CLI\CommandRunner->runCommand('db:seed', Array)
#3 C:\SERVER\htdocs\RESTful-API-JWT\system\CLI\CommandRunner.php(86): CodeIgniter\CLI\CommandRunner->index(Array)
#4 C:\SERVER\htdocs\RESTful-API-JWT\system\CodeIgniter.php(910): CodeIgniter\CLI\CommandRunner->_remap('index', 'db:seed')
#5 C:\SERVER\htdocs\RESTful-API-JWT\system\CodeIgniter.php(400): CodeIgniter\CodeIgniter->runController(Object(CodeIgniter\CLI\CommandRunner))
#6 C:\SERVER\htdocs\RESTful-API-JWT\system\CodeIgniter.php(308): CodeIgniter\CodeIgniter->handleRequest(NULL, Object(Config\Cache), false)
#7 C:\SERVER\htdocs\RESTful-API-JWT\system\CLI\Console.php(86): CodeIgniter\CodeIgniter->run()
#8 C:\SERVER\htdocs\RESTful-API-JWT\spark(57): CodeIgniter\CLI\Console->run()
#9 {main}
CRITICAL - 2020-05-23 22:47:39 --> Class 'App\Database\Seeds\UserSeeder' not found
#0 C:\SERVER\htdocs\RESTful-API-JWT\system\Commands\Database\Seed.php(124): CodeIgniter\Database\Seeder->call('App\\Database\\Se...')
#1 C:\SERVER\htdocs\RESTful-API-JWT\system\CLI\CommandRunner.php(137): CodeIgniter\Commands\Database\Seed->run(Array)
#2 C:\SERVER\htdocs\RESTful-API-JWT\system\CLI\CommandRunner.php(110): CodeIgniter\CLI\CommandRunner->runCommand('db:seed', Array)
#3 C:\SERVER\htdocs\RESTful-API-JWT\system\CLI\CommandRunner.php(86): CodeIgniter\CLI\CommandRunner->index(Array)
#4 C:\SERVER\htdocs\RESTful-API-JWT\system\CodeIgniter.php(910): CodeIgniter\CLI\CommandRunner->_remap('index', 'db:seed', 'UserSeeder')
#5 C:\SERVER\htdocs\RESTful-API-JWT\system\CodeIgniter.php(400): CodeIgniter\CodeIgniter->runController(Object(CodeIgniter\CLI\CommandRunner))
#6 C:\SERVER\htdocs\RESTful-API-JWT\system\CodeIgniter.php(308): CodeIgniter\CodeIgniter->handleRequest(NULL, Object(Config\Cache), false)
#7 C:\SERVER\htdocs\RESTful-API-JWT\system\CLI\Console.php(86): CodeIgniter\CodeIgniter->run()
#8 C:\SERVER\htdocs\RESTful-API-JWT\spark(57): CodeIgniter\CLI\Console->run()
#9 {main}
CRITICAL - 2020-05-23 22:59:22 --> Class 'App\Database\Seeds\UserSeeder' not found
#0 C:\SERVER\htdocs\RESTful-API-JWT\system\Commands\Database\Seed.php(124): CodeIgniter\Database\Seeder->call('App\\Database\\Se...')
#1 C:\SERVER\htdocs\RESTful-API-JWT\system\CLI\CommandRunner.php(137): CodeIgniter\Commands\Database\Seed->run(Array)
#2 C:\SERVER\htdocs\RESTful-API-JWT\system\CLI\CommandRunner.php(110): CodeIgniter\CLI\CommandRunner->runCommand('db:seed', Array)
#3 C:\SERVER\htdocs\RESTful-API-JWT\system\CLI\CommandRunner.php(86): CodeIgniter\CLI\CommandRunner->index(Array)
#4 C:\SERVER\htdocs\RESTful-API-JWT\system\CodeIgniter.php(910): CodeIgniter\CLI\CommandRunner->_remap('index', 'db:seed', 'UserSeeder')
#5 C:\SERVER\htdocs\RESTful-API-JWT\system\CodeIgniter.php(400): CodeIgniter\CodeIgniter->runController(Object(CodeIgniter\CLI\CommandRunner))
#6 C:\SERVER\htdocs\RESTful-API-JWT\system\CodeIgniter.php(308): CodeIgniter\CodeIgniter->handleRequest(NULL, Object(Config\Cache), false)
#7 C:\SERVER\htdocs\RESTful-API-JWT\system\CLI\Console.php(86): CodeIgniter\CodeIgniter->run()
#8 C:\SERVER\htdocs\RESTful-API-JWT\spark(57): CodeIgniter\CLI\Console->run()
#9 {main}
CRITICAL - 2020-05-23 23:00:54 --> Class 'App\Database\Seeds\UserSeeder' not found
#0 C:\SERVER\htdocs\RESTful-API-JWT\system\Commands\Database\Seed.php(124): CodeIgniter\Database\Seeder->call('App\\Database\\Se...')
#1 C:\SERVER\htdocs\RESTful-API-JWT\system\CLI\CommandRunner.php(137): CodeIgniter\Commands\Database\Seed->run(Array)
#2 C:\SERVER\htdocs\RESTful-API-JWT\system\CLI\CommandRunner.php(110): CodeIgniter\CLI\CommandRunner->runCommand('db:seed', Array)
#3 C:\SERVER\htdocs\RESTful-API-JWT\system\CLI\CommandRunner.php(86): CodeIgniter\CLI\CommandRunner->index(Array)
#4 C:\SERVER\htdocs\RESTful-API-JWT\system\CodeIgniter.php(910): CodeIgniter\CLI\CommandRunner->_remap('index', 'db:seed', 'UserSeeder')
#5 C:\SERVER\htdocs\RESTful-API-JWT\system\CodeIgniter.php(400): CodeIgniter\CodeIgniter->runController(Object(CodeIgniter\CLI\CommandRunner))
#6 C:\SERVER\htdocs\RESTful-API-JWT\system\CodeIgniter.php(308): CodeIgniter\CodeIgniter->handleRequest(NULL, Object(Config\Cache), false)
#7 C:\SERVER\htdocs\RESTful-API-JWT\system\CLI\Console.php(86): CodeIgniter\CodeIgniter->run()
#8 C:\SERVER\htdocs\RESTful-API-JWT\spark(57): CodeIgniter\CLI\Console->run()
#9 {main}
CRITICAL - 2020-05-23 23:02:55 --> Call to undefined function App\Database\Seeds\now()
#0 C:\SERVER\htdocs\RESTful-API-JWT\system\Database\Seeder.php(174): App\Database\Seeds\UserSeeder->run()
#1 C:\SERVER\htdocs\RESTful-API-JWT\system\Commands\Database\Seed.php(124): CodeIgniter\Database\Seeder->call('App\\Database\\Se...')
#2 C:\SERVER\htdocs\RESTful-API-JWT\system\CLI\CommandRunner.php(137): CodeIgniter\Commands\Database\Seed->run(Array)
#3 C:\SERVER\htdocs\RESTful-API-JWT\system\CLI\CommandRunner.php(110): CodeIgniter\CLI\CommandRunner->runCommand('db:seed', Array)
#4 C:\SERVER\htdocs\RESTful-API-JWT\system\CLI\CommandRunner.php(86): CodeIgniter\CLI\CommandRunner->index(Array)
#5 C:\SERVER\htdocs\RESTful-API-JWT\system\CodeIgniter.php(910): CodeIgniter\CLI\CommandRunner->_remap('index', 'db:seed', 'UserSeeder')
#6 C:\SERVER\htdocs\RESTful-API-JWT\system\CodeIgniter.php(400): CodeIgniter\CodeIgniter->runController(Object(CodeIgniter\CLI\CommandRunner))
#7 C:\SERVER\htdocs\RESTful-API-JWT\system\CodeIgniter.php(308): CodeIgniter\CodeIgniter->handleRequest(NULL, Object(Config\Cache), false)
#8 C:\SERVER\htdocs\RESTful-API-JWT\system\CLI\Console.php(86): CodeIgniter\CodeIgniter->run()
#9 C:\SERVER\htdocs\RESTful-API-JWT\spark(57): CodeIgniter\CLI\Console->run()
#10 {main}
CRITICAL - 2020-05-23 23:03:29 --> Object of class DateTime could not be converted to string
#0 C:\SERVER\htdocs\RESTful-API-JWT\system\Database\Query.php(443): strtr('INSERT INTO `us...', Array)
#1 C:\SERVER\htdocs\RESTful-API-JWT\system\Database\Query.php(404): CodeIgniter\Database\Query->matchNamedBinds('INSERT INTO `us...', Array)
#2 C:\SERVER\htdocs\RESTful-API-JWT\system\Database\Query.php(197): CodeIgniter\Database\Query->compileBinds()
#3 C:\SERVER\htdocs\RESTful-API-JWT\system\Database\BaseConnection.php(666): CodeIgniter\Database\Query->getQuery()
#4 C:\SERVER\htdocs\RESTful-API-JWT\system\Database\BaseBuilder.php(2234): CodeIgniter\Database\BaseConnection->query('INSERT INTO `us...', Array, false)
#5 C:\SERVER\htdocs\RESTful-API-JWT\app\Database\Seeds\UserSeeder.php(17): CodeIgniter\Database\BaseBuilder->insert(Array)
#6 C:\SERVER\htdocs\RESTful-API-JWT\system\Database\Seeder.php(174): App\Database\Seeds\UserSeeder->run()
#7 C:\SERVER\htdocs\RESTful-API-JWT\system\Commands\Database\Seed.php(124): CodeIgniter\Database\Seeder->call('App\\Database\\Se...')
#8 C:\SERVER\htdocs\RESTful-API-JWT\system\CLI\CommandRunner.php(137): CodeIgniter\Commands\Database\Seed->run(Array)
#9 C:\SERVER\htdocs\RESTful-API-JWT\system\CLI\CommandRunner.php(110): CodeIgniter\CLI\CommandRunner->runCommand('db:seed', Array)
#10 C:\SERVER\htdocs\RESTful-API-JWT\system\CLI\CommandRunner.php(86): CodeIgniter\CLI\CommandRunner->index(Array)
#11 C:\SERVER\htdocs\RESTful-API-JWT\system\CodeIgniter.php(910): CodeIgniter\CLI\CommandRunner->_remap('index', 'db:seed', 'UserSeeder')
#12 C:\SERVER\htdocs\RESTful-API-JWT\system\CodeIgniter.php(400): CodeIgniter\CodeIgniter->runController(Object(CodeIgniter\CLI\CommandRunner))
#13 C:\SERVER\htdocs\RESTful-API-JWT\system\CodeIgniter.php(308): CodeIgniter\CodeIgniter->handleRequest(NULL, Object(Config\Cache), false)
#14 C:\SERVER\htdocs\RESTful-API-JWT\system\CLI\Console.php(86): CodeIgniter\CodeIgniter->run()
#15 C:\SERVER\htdocs\RESTful-API-JWT\spark(57): CodeIgniter\CLI\Console->run()
#16 {main}
